{"numTotalTestSuites":1,"numPassedTestSuites":0,"numFailedTestSuites":1,"numPendingTestSuites":0,"numTotalTests":0,"numPassedTests":0,"numFailedTests":0,"numPendingTests":0,"numTodoTests":0,"snapshot":{"added":0,"failure":false,"filesAdded":0,"filesRemoved":0,"filesRemovedList":[],"filesUnmatched":0,"filesUpdated":0,"matched":0,"total":0,"unchecked":0,"uncheckedKeysByFile":[],"unmatched":0,"updated":0,"didUpdate":false},"startTime":1785109866576,"success":false,"testResults":[{"assertionResults":[],"startTime":1785109866576,"endTime":1785109866576,"status":"failed","message":"Unable to find an element with the text: O que esta pessoa poderá fazer no MusicScale?. This could be because the text is broken up by multiple elements. In this case, you can provide a function for your text matcher to make your matcher more flexible.\n\nIgnored nodes: comments, script, style\n\u001b[36m<body />\u001b[39m","name":"/app/applet/tests/ui/users-existing-member-setup-integration.test.tsx"}]}
